2019-05-09 11:46:10.724 [main] INFO  e.a.m.MeetingsapiApplication - Starting MeetingsapiApplication on laptoparbs695 with PID 812 (C:\Users\catalina.maghiar\Documents\meetingsManagement\meetingsapi\target\classes started by catalina.maghiar in C:\Users\catalina.maghiar\Documents\meetingsManagement\meetingsapi)
2019-05-09 11:46:10.724 [main] INFO  e.a.m.MeetingsapiApplication - No active profile set, falling back to default profiles: default
2019-05-09 11:46:12.509 [main] INFO  o.s.d.r.c.RepositoryConfigurationDelegate - Bootstrapping Spring Data repositories in DEFAULT mode.
2019-05-09 11:46:12.572 [main] INFO  o.s.d.r.c.RepositoryConfigurationDelegate - Finished Spring Data repository scanning in 47ms. Found 2 repository interfaces.
2019-05-09 11:46:12.900 [main] INFO  o.s.c.s.PostProcessorRegistrationDelegate$BeanPostProcessorChecker - Bean 'org.springframework.transaction.annotation.ProxyTransactionManagementConfiguration' of type [org.springframework.transaction.annotation.ProxyTransactionManagementConfiguration$$EnhancerBySpringCGLIB$$cd7d6cf2] is not eligible for getting processed by all BeanPostProcessors (for example: not eligible for auto-proxying)
2019-05-09 11:46:13.275 [main] INFO  o.s.b.w.e.tomcat.TomcatWebServer - Tomcat initialized with port(s): 8080 (http)
2019-05-09 11:46:13.290 [main] INFO  o.a.coyote.http11.Http11NioProtocol - Initializing ProtocolHandler ["http-nio-8080"]
2019-05-09 11:46:13.306 [main] INFO  o.a.catalina.core.StandardService - Starting service [Tomcat]
2019-05-09 11:46:13.306 [main] INFO  o.a.catalina.core.StandardEngine - Starting Servlet engine: [Apache Tomcat/9.0.17]
2019-05-09 11:46:13.447 [main] INFO  o.a.c.c.C.[Tomcat].[localhost].[/] - Initializing Spring embedded WebApplicationContext
2019-05-09 11:46:13.447 [main] INFO  o.s.web.context.ContextLoader - Root WebApplicationContext: initialization completed in 2598 ms
2019-05-09 11:46:13.587 [main] INFO  com.zaxxer.hikari.HikariDataSource - HikariPool-1 - Starting...
2019-05-09 11:46:13.853 [main] INFO  com.zaxxer.hikari.HikariDataSource - HikariPool-1 - Start completed.
2019-05-09 11:46:13.915 [main] INFO  o.h.jpa.internal.util.LogHelper - HHH000204: Processing PersistenceUnitInfo [
	name: default
	...]
2019-05-09 11:46:13.993 [main] INFO  org.hibernate.Version - HHH000412: Hibernate Core {5.3.9.Final}
2019-05-09 11:46:13.993 [main] INFO  org.hibernate.cfg.Environment - HHH000206: hibernate.properties not found
2019-05-09 11:46:14.134 [main] INFO  o.h.annotations.common.Version - HCANN000001: Hibernate Commons Annotations {5.0.4.Final}
2019-05-09 11:46:14.259 [main] INFO  org.hibernate.dialect.Dialect - HHH000400: Using dialect: org.hibernate.dialect.MySQL5Dialect
2019-05-09 11:46:14.837 [main] INFO  o.s.o.j.LocalContainerEntityManagerFactoryBean - Initialized JPA EntityManagerFactory for persistence unit 'default'
2019-05-09 11:46:15.384 [main] WARN  o.s.b.a.o.j.JpaBaseConfiguration$JpaWebConfiguration$JpaWebMvcConfiguration - spring.jpa.open-in-view is enabled by default. Therefore, database queries may be performed during view rendering. Explicitly configure spring.jpa.open-in-view to disable this warning
2019-05-09 11:46:15.509 [main] INFO  s.d.s.w.PropertySourcedRequestMappingHandlerMapping - Mapped URL path [/v2/api-docs] onto method [public org.springframework.http.ResponseEntity<springfox.documentation.spring.web.json.Json> springfox.documentation.swagger2.web.Swagger2Controller.getDocumentation(java.lang.String,javax.servlet.http.HttpServletRequest)]
2019-05-09 11:46:15.665 [main] INFO  o.s.s.c.ThreadPoolTaskExecutor - Initializing ExecutorService 'applicationTaskExecutor'
2019-05-09 11:46:15.837 [main] INFO  s.d.s.w.p.DocumentationPluginsBootstrapper - Context refreshed
2019-05-09 11:46:15.853 [main] INFO  s.d.s.w.p.DocumentationPluginsBootstrapper - Found 1 custom documentation plugin(s)
2019-05-09 11:46:15.884 [main] INFO  s.d.s.w.s.ApiListingReferenceScanner - Scanning for api listing references
2019-05-09 11:46:16.009 [main] INFO  s.d.s.w.r.o.CachingOperationNameGenerator - Generating unique operation named: createUsingPOST_1
2019-05-09 11:46:16.009 [main] INFO  s.d.s.w.r.o.CachingOperationNameGenerator - Generating unique operation named: deleteUsingDELETE_1
2019-05-09 11:46:16.009 [main] INFO  s.d.s.w.r.o.CachingOperationNameGenerator - Generating unique operation named: getUsingGET_1
2019-05-09 11:46:16.009 [main] INFO  s.d.s.w.r.o.CachingOperationNameGenerator - Generating unique operation named: updateUsingPUT_1
2019-05-09 11:46:16.040 [main] INFO  o.a.coyote.http11.Http11NioProtocol - Starting ProtocolHandler ["http-nio-8080"]
2019-05-09 11:46:16.056 [main] INFO  o.s.b.w.e.tomcat.TomcatWebServer - Tomcat started on port(s): 8080 (http) with context path ''
2019-05-09 11:46:16.056 [main] INFO  e.a.m.MeetingsapiApplication - Started MeetingsapiApplication in 6.035 seconds (JVM running for 8.585)
2019-05-09 12:57:47.431 [main] INFO  e.a.m.MeetingsapiApplication - Starting MeetingsapiApplication on laptoparbs695 with PID 13028 (C:\Users\catalina.maghiar\Documents\meetingsManagement\meetingsapi\target\classes started by catalina.maghiar in C:\Users\catalina.maghiar\Documents\meetingsManagement\meetingsapi)
2019-05-09 12:57:47.431 [main] INFO  e.a.m.MeetingsapiApplication - No active profile set, falling back to default profiles: default
2019-05-09 12:57:49.267 [main] INFO  o.s.d.r.c.RepositoryConfigurationDelegate - Bootstrapping Spring Data repositories in DEFAULT mode.
2019-05-09 12:57:49.351 [main] INFO  o.s.d.r.c.RepositoryConfigurationDelegate - Finished Spring Data repository scanning in 84ms. Found 2 repository interfaces.
2019-05-09 12:57:49.784 [main] INFO  o.s.c.s.PostProcessorRegistrationDelegate$BeanPostProcessorChecker - Bean 'org.springframework.transaction.annotation.ProxyTransactionManagementConfiguration' of type [org.springframework.transaction.annotation.ProxyTransactionManagementConfiguration$$EnhancerBySpringCGLIB$$6a4dc5f0] is not eligible for getting processed by all BeanPostProcessors (for example: not eligible for auto-proxying)
2019-05-09 12:57:50.207 [main] INFO  o.s.b.w.e.tomcat.TomcatWebServer - Tomcat initialized with port(s): 8080 (http)
2019-05-09 12:57:50.222 [main] INFO  o.a.coyote.http11.Http11NioProtocol - Initializing ProtocolHandler ["http-nio-8080"]
2019-05-09 12:57:50.238 [main] INFO  o.a.catalina.core.StandardService - Starting service [Tomcat]
2019-05-09 12:57:50.238 [main] INFO  o.a.catalina.core.StandardEngine - Starting Servlet engine: [Apache Tomcat/9.0.17]
2019-05-09 12:57:50.385 [main] INFO  o.a.c.c.C.[Tomcat].[localhost].[/] - Initializing Spring embedded WebApplicationContext
2019-05-09 12:57:50.385 [main] INFO  o.s.web.context.ContextLoader - Root WebApplicationContext: initialization completed in 2813 ms
2019-05-09 12:57:50.523 [main] INFO  com.zaxxer.hikari.HikariDataSource - HikariPool-1 - Starting...
2019-05-09 12:57:50.808 [main] INFO  com.zaxxer.hikari.HikariDataSource - HikariPool-1 - Start completed.
2019-05-09 12:57:50.855 [main] INFO  o.h.jpa.internal.util.LogHelper - HHH000204: Processing PersistenceUnitInfo [
	name: default
	...]
2019-05-09 12:57:50.909 [main] INFO  org.hibernate.Version - HHH000412: Hibernate Core {5.3.9.Final}
2019-05-09 12:57:50.909 [main] INFO  org.hibernate.cfg.Environment - HHH000206: hibernate.properties not found
2019-05-09 12:57:51.109 [main] INFO  o.h.annotations.common.Version - HCANN000001: Hibernate Commons Annotations {5.0.4.Final}
2019-05-09 12:57:51.225 [main] INFO  org.hibernate.dialect.Dialect - HHH000400: Using dialect: org.hibernate.dialect.MySQL5Dialect
2019-05-09 12:57:51.852 [main] INFO  o.s.o.j.LocalContainerEntityManagerFactoryBean - Initialized JPA EntityManagerFactory for persistence unit 'default'
2019-05-09 12:57:52.397 [main] WARN  o.s.b.a.o.j.JpaBaseConfiguration$JpaWebConfiguration$JpaWebMvcConfiguration - spring.jpa.open-in-view is enabled by default. Therefore, database queries may be performed during view rendering. Explicitly configure spring.jpa.open-in-view to disable this warning
2019-05-09 12:57:52.544 [main] INFO  s.d.s.w.PropertySourcedRequestMappingHandlerMapping - Mapped URL path [/v2/api-docs] onto method [public org.springframework.http.ResponseEntity<springfox.documentation.spring.web.json.Json> springfox.documentation.swagger2.web.Swagger2Controller.getDocumentation(java.lang.String,javax.servlet.http.HttpServletRequest)]
2019-05-09 12:57:52.698 [main] INFO  o.s.s.c.ThreadPoolTaskExecutor - Initializing ExecutorService 'applicationTaskExecutor'
2019-05-09 12:57:52.861 [main] INFO  s.d.s.w.p.DocumentationPluginsBootstrapper - Context refreshed
2019-05-09 12:57:52.876 [main] INFO  s.d.s.w.p.DocumentationPluginsBootstrapper - Found 1 custom documentation plugin(s)
2019-05-09 12:57:52.914 [main] INFO  s.d.s.w.s.ApiListingReferenceScanner - Scanning for api listing references
2019-05-09 12:57:53.046 [main] INFO  s.d.s.w.r.o.CachingOperationNameGenerator - Generating unique operation named: createUsingPOST_1
2019-05-09 12:57:53.046 [main] INFO  s.d.s.w.r.o.CachingOperationNameGenerator - Generating unique operation named: deleteUsingDELETE_1
2019-05-09 12:57:53.046 [main] INFO  s.d.s.w.r.o.CachingOperationNameGenerator - Generating unique operation named: getUsingGET_1
2019-05-09 12:57:53.046 [main] INFO  s.d.s.w.r.o.CachingOperationNameGenerator - Generating unique operation named: updateUsingPUT_1
2019-05-09 12:57:53.077 [main] INFO  o.a.coyote.http11.Http11NioProtocol - Starting ProtocolHandler ["http-nio-8080"]
2019-05-09 12:57:53.099 [main] INFO  o.s.b.w.e.tomcat.TomcatWebServer - Tomcat started on port(s): 8080 (http) with context path ''
2019-05-09 12:57:53.099 [main] INFO  e.a.m.MeetingsapiApplication - Started MeetingsapiApplication in 6.466 seconds (JVM running for 9.209)
2019-05-09 12:58:25.245 [http-nio-8080-exec-1] INFO  o.a.c.c.C.[Tomcat].[localhost].[/] - Initializing Spring DispatcherServlet 'dispatcherServlet'
2019-05-09 12:58:25.246 [http-nio-8080-exec-1] INFO  o.s.web.servlet.DispatcherServlet - Initializing Servlet 'dispatcherServlet'
2019-05-09 12:58:25.257 [http-nio-8080-exec-1] INFO  o.s.web.servlet.DispatcherServlet - Completed initialization in 11 ms
2019-05-09 14:08:19.985 [main] INFO  e.a.m.MeetingsapiApplication - Starting MeetingsapiApplication on laptoparbs695 with PID 13808 (C:\Users\catalina.maghiar\Documents\meetingsManagement\meetingsapi\target\classes started by catalina.maghiar in C:\Users\catalina.maghiar\Documents\meetingsManagement\meetingsapi)
2019-05-09 14:08:19.990 [main] INFO  e.a.m.MeetingsapiApplication - No active profile set, falling back to default profiles: default
2019-05-09 14:08:22.165 [main] INFO  o.s.d.r.c.RepositoryConfigurationDelegate - Bootstrapping Spring Data repositories in DEFAULT mode.
2019-05-09 14:08:22.225 [main] INFO  o.s.d.r.c.RepositoryConfigurationDelegate - Finished Spring Data repository scanning in 55ms. Found 2 repository interfaces.
2019-05-09 14:08:22.615 [main] INFO  o.s.c.s.PostProcessorRegistrationDelegate$BeanPostProcessorChecker - Bean 'org.springframework.transaction.annotation.ProxyTransactionManagementConfiguration' of type [org.springframework.transaction.annotation.ProxyTransactionManagementConfiguration$$EnhancerBySpringCGLIB$$475a2c4d] is not eligible for getting processed by all BeanPostProcessors (for example: not eligible for auto-proxying)
2019-05-09 14:08:23.035 [main] INFO  o.s.b.w.e.tomcat.TomcatWebServer - Tomcat initialized with port(s): 8080 (http)
2019-05-09 14:08:23.055 [main] INFO  o.a.coyote.http11.Http11NioProtocol - Initializing ProtocolHandler ["http-nio-8080"]
2019-05-09 14:08:23.065 [main] INFO  o.a.catalina.core.StandardService - Starting service [Tomcat]
2019-05-09 14:08:23.065 [main] INFO  o.a.catalina.core.StandardEngine - Starting Servlet engine: [Apache Tomcat/9.0.17]
2019-05-09 14:08:23.255 [main] INFO  o.a.c.c.C.[Tomcat].[localhost].[/] - Initializing Spring embedded WebApplicationContext
2019-05-09 14:08:23.255 [main] INFO  o.s.web.context.ContextLoader - Root WebApplicationContext: initialization completed in 3159 ms
2019-05-09 14:08:23.442 [main] INFO  com.zaxxer.hikari.HikariDataSource - HikariPool-1 - Starting...
2019-05-09 14:08:23.751 [main] INFO  com.zaxxer.hikari.HikariDataSource - HikariPool-1 - Start completed.
2019-05-09 14:08:23.802 [main] INFO  o.h.jpa.internal.util.LogHelper - HHH000204: Processing PersistenceUnitInfo [
	name: default
	...]
2019-05-09 14:08:23.950 [main] INFO  org.hibernate.Version - HHH000412: Hibernate Core {5.3.9.Final}
2019-05-09 14:08:23.953 [main] INFO  org.hibernate.cfg.Environment - HHH000206: hibernate.properties not found
2019-05-09 14:08:24.128 [main] INFO  o.h.annotations.common.Version - HCANN000001: Hibernate Commons Annotations {5.0.4.Final}
2019-05-09 14:08:24.265 [main] INFO  org.hibernate.dialect.Dialect - HHH000400: Using dialect: org.hibernate.dialect.MySQL5Dialect
2019-05-09 14:08:24.983 [main] INFO  o.s.o.j.LocalContainerEntityManagerFactoryBean - Initialized JPA EntityManagerFactory for persistence unit 'default'
2019-05-09 14:08:25.419 [main] WARN  o.s.b.w.s.c.AnnotationConfigServletWebServerApplicationContext - Exception encountered during context initialization - cancelling refresh attempt: org.springframework.beans.factory.UnsatisfiedDependencyException: Error creating bean with name 'userController' defined in file [C:\Users\catalina.maghiar\Documents\meetingsManagement\meetingsapi\target\classes\edu\arobs\meetingsapi\user\UserController.class]: Unsatisfied dependency expressed through constructor parameter 0; nested exception is org.springframework.beans.factory.UnsatisfiedDependencyException: Error creating bean with name 'userService' defined in file [C:\Users\catalina.maghiar\Documents\meetingsManagement\meetingsapi\target\classes\edu\arobs\meetingsapi\user\UserService.class]: Unsatisfied dependency expressed through constructor parameter 1; nested exception is org.springframework.beans.factory.NoSuchBeanDefinitionException: No qualifying bean of type 'org.modelmapper.ModelMapper' available: expected at least 1 bean which qualifies as autowire candidate. Dependency annotations: {}
2019-05-09 14:08:25.419 [main] INFO  o.s.o.j.LocalContainerEntityManagerFactoryBean - Closing JPA EntityManagerFactory for persistence unit 'default'
2019-05-09 14:08:25.425 [main] INFO  com.zaxxer.hikari.HikariDataSource - HikariPool-1 - Shutdown initiated...
2019-05-09 14:08:25.456 [main] INFO  com.zaxxer.hikari.HikariDataSource - HikariPool-1 - Shutdown completed.
2019-05-09 14:08:25.472 [main] INFO  o.a.catalina.core.StandardService - Stopping service [Tomcat]
2019-05-09 14:08:25.496 [main] INFO  o.s.b.a.l.ConditionEvaluationReportLoggingListener - 

Error starting ApplicationContext. To display the conditions report re-run your application with 'debug' enabled.
2019-05-09 14:08:25.911 [main] ERROR o.s.b.d.LoggingFailureAnalysisReporter - 

***************************
APPLICATION FAILED TO START
***************************

Description:

Parameter 1 of constructor in edu.arobs.meetingsapi.user.UserService required a bean of type 'org.modelmapper.ModelMapper' that could not be found.


Action:

Consider defining a bean of type 'org.modelmapper.ModelMapper' in your configuration.

2019-05-09 14:09:09.456 [main] INFO  e.a.m.MeetingsapiApplication - Starting MeetingsapiApplication on laptoparbs695 with PID 13488 (C:\Users\catalina.maghiar\Documents\meetingsManagement\meetingsapi\target\classes started by catalina.maghiar in C:\Users\catalina.maghiar\Documents\meetingsManagement\meetingsapi)
2019-05-09 14:09:09.466 [main] INFO  e.a.m.MeetingsapiApplication - No active profile set, falling back to default profiles: default
2019-05-09 14:09:11.090 [main] INFO  o.s.d.r.c.RepositoryConfigurationDelegate - Bootstrapping Spring Data repositories in DEFAULT mode.
2019-05-09 14:09:11.155 [main] INFO  o.s.d.r.c.RepositoryConfigurationDelegate - Finished Spring Data repository scanning in 60ms. Found 2 repository interfaces.
2019-05-09 14:09:11.525 [main] INFO  o.s.c.s.PostProcessorRegistrationDelegate$BeanPostProcessorChecker - Bean 'org.springframework.transaction.annotation.ProxyTransactionManagementConfiguration' of type [org.springframework.transaction.annotation.ProxyTransactionManagementConfiguration$$EnhancerBySpringCGLIB$$8bc43b54] is not eligible for getting processed by all BeanPostProcessors (for example: not eligible for auto-proxying)
2019-05-09 14:09:12.110 [main] INFO  o.s.b.w.e.tomcat.TomcatWebServer - Tomcat initialized with port(s): 8080 (http)
2019-05-09 14:09:12.126 [main] INFO  o.a.coyote.http11.Http11NioProtocol - Initializing ProtocolHandler ["http-nio-8080"]
2019-05-09 14:09:12.135 [main] INFO  o.a.catalina.core.StandardService - Starting service [Tomcat]
2019-05-09 14:09:12.135 [main] INFO  o.a.catalina.core.StandardEngine - Starting Servlet engine: [Apache Tomcat/9.0.17]
2019-05-09 14:09:12.280 [main] INFO  o.a.c.c.C.[Tomcat].[localhost].[/] - Initializing Spring embedded WebApplicationContext
2019-05-09 14:09:12.280 [main] INFO  o.s.web.context.ContextLoader - Root WebApplicationContext: initialization completed in 2739 ms
2019-05-09 14:09:12.426 [main] INFO  com.zaxxer.hikari.HikariDataSource - HikariPool-1 - Starting...
2019-05-09 14:09:12.695 [main] INFO  com.zaxxer.hikari.HikariDataSource - HikariPool-1 - Start completed.
2019-05-09 14:09:12.782 [main] INFO  o.h.jpa.internal.util.LogHelper - HHH000204: Processing PersistenceUnitInfo [
	name: default
	...]
2019-05-09 14:09:12.895 [main] INFO  org.hibernate.Version - HHH000412: Hibernate Core {5.3.9.Final}
2019-05-09 14:09:12.895 [main] INFO  org.hibernate.cfg.Environment - HHH000206: hibernate.properties not found
2019-05-09 14:09:13.046 [main] INFO  o.h.annotations.common.Version - HCANN000001: Hibernate Commons Annotations {5.0.4.Final}
2019-05-09 14:09:13.208 [main] INFO  org.hibernate.dialect.Dialect - HHH000400: Using dialect: org.hibernate.dialect.MySQL5Dialect
2019-05-09 14:09:13.900 [main] INFO  o.s.o.j.LocalContainerEntityManagerFactoryBean - Initialized JPA EntityManagerFactory for persistence unit 'default'
2019-05-09 14:09:14.155 [main] WARN  o.s.b.w.s.c.AnnotationConfigServletWebServerApplicationContext - Exception encountered during context initialization - cancelling refresh attempt: org.springframework.beans.factory.UnsatisfiedDependencyException: Error creating bean with name 'userController' defined in file [C:\Users\catalina.maghiar\Documents\meetingsManagement\meetingsapi\target\classes\edu\arobs\meetingsapi\user\UserController.class]: Unsatisfied dependency expressed through constructor parameter 0; nested exception is org.springframework.beans.factory.UnsatisfiedDependencyException: Error creating bean with name 'userService' defined in file [C:\Users\catalina.maghiar\Documents\meetingsManagement\meetingsapi\target\classes\edu\arobs\meetingsapi\user\UserService.class]: Unsatisfied dependency expressed through constructor parameter 1; nested exception is org.springframework.beans.factory.NoSuchBeanDefinitionException: No qualifying bean of type 'org.modelmapper.ModelMapper' available: expected at least 1 bean which qualifies as autowire candidate. Dependency annotations: {}
2019-05-09 14:09:14.155 [main] INFO  o.s.o.j.LocalContainerEntityManagerFactoryBean - Closing JPA EntityManagerFactory for persistence unit 'default'
2019-05-09 14:09:14.155 [main] INFO  com.zaxxer.hikari.HikariDataSource - HikariPool-1 - Shutdown initiated...
2019-05-09 14:09:14.185 [main] INFO  com.zaxxer.hikari.HikariDataSource - HikariPool-1 - Shutdown completed.
2019-05-09 14:09:14.185 [main] INFO  o.a.catalina.core.StandardService - Stopping service [Tomcat]
2019-05-09 14:09:14.235 [main] INFO  o.s.b.a.l.ConditionEvaluationReportLoggingListener - 

Error starting ApplicationContext. To display the conditions report re-run your application with 'debug' enabled.
2019-05-09 14:09:14.365 [main] ERROR o.s.b.d.LoggingFailureAnalysisReporter - 

***************************
APPLICATION FAILED TO START
***************************

Description:

Parameter 1 of constructor in edu.arobs.meetingsapi.user.UserService required a bean of type 'org.modelmapper.ModelMapper' that could not be found.


Action:

Consider defining a bean of type 'org.modelmapper.ModelMapper' in your configuration.

2019-05-09 14:10:30.632 [main] INFO  e.a.m.MeetingsapiApplication - Starting MeetingsapiApplication on laptoparbs695 with PID 12920 (C:\Users\catalina.maghiar\Documents\meetingsManagement\meetingsapi\target\classes started by catalina.maghiar in C:\Users\catalina.maghiar\Documents\meetingsManagement\meetingsapi)
2019-05-09 14:10:30.635 [main] INFO  e.a.m.MeetingsapiApplication - No active profile set, falling back to default profiles: default
2019-05-09 14:10:32.475 [main] INFO  o.s.d.r.c.RepositoryConfigurationDelegate - Bootstrapping Spring Data repositories in DEFAULT mode.
2019-05-09 14:10:32.539 [main] INFO  o.s.d.r.c.RepositoryConfigurationDelegate - Finished Spring Data repository scanning in 64ms. Found 2 repository interfaces.
2019-05-09 14:10:32.880 [main] INFO  o.s.c.s.PostProcessorRegistrationDelegate$BeanPostProcessorChecker - Bean 'org.springframework.transaction.annotation.ProxyTransactionManagementConfiguration' of type [org.springframework.transaction.annotation.ProxyTransactionManagementConfiguration$$EnhancerBySpringCGLIB$$8db5fd95] is not eligible for getting processed by all BeanPostProcessors (for example: not eligible for auto-proxying)
2019-05-09 14:10:33.250 [main] INFO  o.s.b.w.e.tomcat.TomcatWebServer - Tomcat initialized with port(s): 8080 (http)
2019-05-09 14:10:33.265 [main] INFO  o.a.coyote.http11.Http11NioProtocol - Initializing ProtocolHandler ["http-nio-8080"]
2019-05-09 14:10:33.275 [main] INFO  o.a.catalina.core.StandardService - Starting service [Tomcat]
2019-05-09 14:10:33.275 [main] INFO  o.a.catalina.core.StandardEngine - Starting Servlet engine: [Apache Tomcat/9.0.17]
2019-05-09 14:10:33.420 [main] INFO  o.a.c.c.C.[Tomcat].[localhost].[/] - Initializing Spring embedded WebApplicationContext
2019-05-09 14:10:33.420 [main] INFO  o.s.web.context.ContextLoader - Root WebApplicationContext: initialization completed in 2687 ms
2019-05-09 14:10:33.575 [main] INFO  com.zaxxer.hikari.HikariDataSource - HikariPool-1 - Starting...
2019-05-09 14:10:33.865 [main] INFO  com.zaxxer.hikari.HikariDataSource - HikariPool-1 - Start completed.
2019-05-09 14:10:33.915 [main] INFO  o.h.jpa.internal.util.LogHelper - HHH000204: Processing PersistenceUnitInfo [
	name: default
	...]
2019-05-09 14:10:33.975 [main] INFO  org.hibernate.Version - HHH000412: Hibernate Core {5.3.9.Final}
2019-05-09 14:10:33.975 [main] INFO  org.hibernate.cfg.Environment - HHH000206: hibernate.properties not found
2019-05-09 14:10:34.180 [main] INFO  o.h.annotations.common.Version - HCANN000001: Hibernate Commons Annotations {5.0.4.Final}
2019-05-09 14:10:34.300 [main] INFO  org.hibernate.dialect.Dialect - HHH000400: Using dialect: org.hibernate.dialect.MySQL5Dialect
2019-05-09 14:10:34.941 [main] INFO  o.s.o.j.LocalContainerEntityManagerFactoryBean - Initialized JPA EntityManagerFactory for persistence unit 'default'
2019-05-09 14:10:35.705 [main] WARN  o.s.b.a.o.j.JpaBaseConfiguration$JpaWebConfiguration$JpaWebMvcConfiguration - spring.jpa.open-in-view is enabled by default. Therefore, database queries may be performed during view rendering. Explicitly configure spring.jpa.open-in-view to disable this warning
2019-05-09 14:10:35.875 [main] INFO  s.d.s.w.PropertySourcedRequestMappingHandlerMapping - Mapped URL path [/v2/api-docs] onto method [public org.springframework.http.ResponseEntity<springfox.documentation.spring.web.json.Json> springfox.documentation.swagger2.web.Swagger2Controller.getDocumentation(java.lang.String,javax.servlet.http.HttpServletRequest)]
2019-05-09 14:10:36.027 [main] INFO  o.s.s.c.ThreadPoolTaskExecutor - Initializing ExecutorService 'applicationTaskExecutor'
2019-05-09 14:10:36.175 [main] INFO  s.d.s.w.p.DocumentationPluginsBootstrapper - Context refreshed
2019-05-09 14:10:36.190 [main] INFO  s.d.s.w.p.DocumentationPluginsBootstrapper - Found 1 custom documentation plugin(s)
2019-05-09 14:10:36.220 [main] INFO  s.d.s.w.s.ApiListingReferenceScanner - Scanning for api listing references
2019-05-09 14:10:36.345 [main] INFO  s.d.s.w.r.o.CachingOperationNameGenerator - Generating unique operation named: createUsingPOST_1
2019-05-09 14:10:36.345 [main] INFO  s.d.s.w.r.o.CachingOperationNameGenerator - Generating unique operation named: deleteUsingDELETE_1
2019-05-09 14:10:36.345 [main] INFO  s.d.s.w.r.o.CachingOperationNameGenerator - Generating unique operation named: getUsingGET_1
2019-05-09 14:10:36.355 [main] INFO  s.d.s.w.r.o.CachingOperationNameGenerator - Generating unique operation named: updateUsingPUT_1
2019-05-09 14:10:36.380 [main] INFO  o.a.coyote.http11.Http11NioProtocol - Starting ProtocolHandler ["http-nio-8080"]
2019-05-09 14:10:36.395 [main] INFO  o.s.b.w.e.tomcat.TomcatWebServer - Tomcat started on port(s): 8080 (http) with context path ''
2019-05-09 14:10:36.405 [main] INFO  e.a.m.MeetingsapiApplication - Started MeetingsapiApplication in 6.462 seconds (JVM running for 9.066)
2019-05-09 14:10:40.751 [http-nio-8080-exec-1] INFO  o.a.c.c.C.[Tomcat].[localhost].[/] - Initializing Spring DispatcherServlet 'dispatcherServlet'
2019-05-09 14:10:40.752 [http-nio-8080-exec-1] INFO  o.s.web.servlet.DispatcherServlet - Initializing Servlet 'dispatcherServlet'
2019-05-09 14:10:40.762 [http-nio-8080-exec-1] INFO  o.s.web.servlet.DispatcherServlet - Completed initialization in 10 ms
2019-05-09 14:38:26.922 [main] INFO  e.a.m.MeetingsapiApplication - Starting MeetingsapiApplication on laptoparbs695 with PID 13728 (C:\Users\catalina.maghiar\Documents\meetingsManagement\meetingsapi\target\classes started by catalina.maghiar in C:\Users\catalina.maghiar\Documents\meetingsManagement\meetingsapi)
2019-05-09 14:38:26.928 [main] INFO  e.a.m.MeetingsapiApplication - No active profile set, falling back to default profiles: default
2019-05-09 14:38:28.807 [main] INFO  o.s.d.r.c.RepositoryConfigurationDelegate - Bootstrapping Spring Data repositories in DEFAULT mode.
2019-05-09 14:38:28.864 [main] INFO  o.s.d.r.c.RepositoryConfigurationDelegate - Finished Spring Data repository scanning in 57ms. Found 2 repository interfaces.
2019-05-09 14:38:29.223 [main] INFO  o.s.c.s.PostProcessorRegistrationDelegate$BeanPostProcessorChecker - Bean 'org.springframework.transaction.annotation.ProxyTransactionManagementConfiguration' of type [org.springframework.transaction.annotation.ProxyTransactionManagementConfiguration$$EnhancerBySpringCGLIB$$7ee9211d] is not eligible for getting processed by all BeanPostProcessors (for example: not eligible for auto-proxying)
2019-05-09 14:38:29.563 [main] INFO  o.s.b.w.e.tomcat.TomcatWebServer - Tomcat initialized with port(s): 8080 (http)
2019-05-09 14:38:29.587 [main] INFO  o.a.coyote.http11.Http11NioProtocol - Initializing ProtocolHandler ["http-nio-8080"]
2019-05-09 14:38:29.599 [main] INFO  o.a.catalina.core.StandardService - Starting service [Tomcat]
2019-05-09 14:38:29.599 [main] INFO  o.a.catalina.core.StandardEngine - Starting Servlet engine: [Apache Tomcat/9.0.17]
2019-05-09 14:38:29.734 [main] INFO  o.a.c.c.C.[Tomcat].[localhost].[/] - Initializing Spring embedded WebApplicationContext
2019-05-09 14:38:29.734 [main] INFO  o.s.web.context.ContextLoader - Root WebApplicationContext: initialization completed in 2696 ms
2019-05-09 14:38:29.873 [main] INFO  com.zaxxer.hikari.HikariDataSource - HikariPool-1 - Starting...
2019-05-09 14:38:30.173 [main] INFO  com.zaxxer.hikari.HikariDataSource - HikariPool-1 - Start completed.
2019-05-09 14:38:30.223 [main] INFO  o.h.jpa.internal.util.LogHelper - HHH000204: Processing PersistenceUnitInfo [
	name: default
	...]
2019-05-09 14:38:30.324 [main] INFO  org.hibernate.Version - HHH000412: Hibernate Core {5.3.9.Final}
2019-05-09 14:38:30.329 [main] INFO  org.hibernate.cfg.Environment - HHH000206: hibernate.properties not found
2019-05-09 14:38:30.493 [main] INFO  o.h.annotations.common.Version - HCANN000001: Hibernate Commons Annotations {5.0.4.Final}
2019-05-09 14:38:30.619 [main] INFO  org.hibernate.dialect.Dialect - HHH000400: Using dialect: org.hibernate.dialect.MySQL5Dialect
2019-05-09 14:38:31.194 [main] INFO  o.s.o.j.LocalContainerEntityManagerFactoryBean - Initialized JPA EntityManagerFactory for persistence unit 'default'
2019-05-09 14:38:31.724 [main] WARN  o.s.b.a.o.j.JpaBaseConfiguration$JpaWebConfiguration$JpaWebMvcConfiguration - spring.jpa.open-in-view is enabled by default. Therefore, database queries may be performed during view rendering. Explicitly configure spring.jpa.open-in-view to disable this warning
2019-05-09 14:38:31.843 [main] INFO  s.d.s.w.PropertySourcedRequestMappingHandlerMapping - Mapped URL path [/v2/api-docs] onto method [public org.springframework.http.ResponseEntity<springfox.documentation.spring.web.json.Json> springfox.documentation.swagger2.web.Swagger2Controller.getDocumentation(java.lang.String,javax.servlet.http.HttpServletRequest)]
2019-05-09 14:38:31.984 [main] INFO  o.s.s.c.ThreadPoolTaskExecutor - Initializing ExecutorService 'applicationTaskExecutor'
2019-05-09 14:38:32.133 [main] INFO  s.d.s.w.p.DocumentationPluginsBootstrapper - Context refreshed
2019-05-09 14:38:32.153 [main] INFO  s.d.s.w.p.DocumentationPluginsBootstrapper - Found 1 custom documentation plugin(s)
2019-05-09 14:38:32.184 [main] INFO  s.d.s.w.s.ApiListingReferenceScanner - Scanning for api listing references
2019-05-09 14:38:32.303 [main] INFO  s.d.s.w.r.o.CachingOperationNameGenerator - Generating unique operation named: createUsingPOST_1
2019-05-09 14:38:32.303 [main] INFO  s.d.s.w.r.o.CachingOperationNameGenerator - Generating unique operation named: deleteUsingDELETE_1
2019-05-09 14:38:32.310 [main] INFO  s.d.s.w.r.o.CachingOperationNameGenerator - Generating unique operation named: getUsingGET_1
2019-05-09 14:38:32.310 [main] INFO  s.d.s.w.r.o.CachingOperationNameGenerator - Generating unique operation named: updateUsingPUT_1
2019-05-09 14:38:32.324 [main] INFO  o.a.coyote.http11.Http11NioProtocol - Starting ProtocolHandler ["http-nio-8080"]
2019-05-09 14:38:32.353 [main] INFO  o.s.b.w.e.tomcat.TomcatWebServer - Tomcat started on port(s): 8080 (http) with context path ''
2019-05-09 14:38:32.353 [main] INFO  e.a.m.MeetingsapiApplication - Started MeetingsapiApplication in 6.119 seconds (JVM running for 8.814)
2019-05-09 14:38:44.797 [http-nio-8080-exec-1] INFO  o.a.c.c.C.[Tomcat].[localhost].[/] - Initializing Spring DispatcherServlet 'dispatcherServlet'
2019-05-09 14:38:44.798 [http-nio-8080-exec-1] INFO  o.s.web.servlet.DispatcherServlet - Initializing Servlet 'dispatcherServlet'
2019-05-09 14:38:44.819 [http-nio-8080-exec-1] INFO  o.s.web.servlet.DispatcherServlet - Completed initialization in 21 ms
2019-05-09 14:56:40.793 [main] INFO  e.a.m.MeetingsapiApplication - Starting MeetingsapiApplication on laptoparbs695 with PID 13000 (C:\Users\catalina.maghiar\Documents\meetingsManagement\meetingsapi\target\classes started by catalina.maghiar in C:\Users\catalina.maghiar\Documents\meetingsManagement\meetingsapi)
2019-05-09 14:56:40.801 [main] INFO  e.a.m.MeetingsapiApplication - No active profile set, falling back to default profiles: default
2019-05-09 14:56:42.663 [main] INFO  o.s.d.r.c.RepositoryConfigurationDelegate - Bootstrapping Spring Data repositories in DEFAULT mode.
2019-05-09 14:56:42.723 [main] INFO  o.s.d.r.c.RepositoryConfigurationDelegate - Finished Spring Data repository scanning in 50ms. Found 2 repository interfaces.
2019-05-09 14:56:43.103 [main] INFO  o.s.c.s.PostProcessorRegistrationDelegate$BeanPostProcessorChecker - Bean 'org.springframework.transaction.annotation.ProxyTransactionManagementConfiguration' of type [org.springframework.transaction.annotation.ProxyTransactionManagementConfiguration$$EnhancerBySpringCGLIB$$1bdcb27] is not eligible for getting processed by all BeanPostProcessors (for example: not eligible for auto-proxying)
2019-05-09 14:56:43.523 [main] INFO  o.s.b.w.e.tomcat.TomcatWebServer - Tomcat initialized with port(s): 8080 (http)
2019-05-09 14:56:43.533 [main] INFO  o.a.coyote.http11.Http11NioProtocol - Initializing ProtocolHandler ["http-nio-8080"]
2019-05-09 14:56:43.553 [main] INFO  o.a.catalina.core.StandardService - Starting service [Tomcat]
2019-05-09 14:56:43.553 [main] INFO  o.a.catalina.core.StandardEngine - Starting Servlet engine: [Apache Tomcat/9.0.17]
2019-05-09 14:56:43.683 [main] INFO  o.a.c.c.C.[Tomcat].[localhost].[/] - Initializing Spring embedded WebApplicationContext
2019-05-09 14:56:43.688 [main] INFO  o.s.web.context.ContextLoader - Root WebApplicationContext: initialization completed in 2785 ms
2019-05-09 14:56:43.833 [main] INFO  com.zaxxer.hikari.HikariDataSource - HikariPool-1 - Starting...
2019-05-09 14:56:44.133 [main] INFO  com.zaxxer.hikari.HikariDataSource - HikariPool-1 - Start completed.
2019-05-09 14:56:44.208 [main] INFO  o.h.jpa.internal.util.LogHelper - HHH000204: Processing PersistenceUnitInfo [
	name: default
	...]
2019-05-09 14:56:44.273 [main] INFO  org.hibernate.Version - HHH000412: Hibernate Core {5.3.9.Final}
2019-05-09 14:56:44.273 [main] INFO  org.hibernate.cfg.Environment - HHH000206: hibernate.properties not found
2019-05-09 14:56:44.433 [main] INFO  o.h.annotations.common.Version - HCANN000001: Hibernate Commons Annotations {5.0.4.Final}
2019-05-09 14:56:44.558 [main] INFO  org.hibernate.dialect.Dialect - HHH000400: Using dialect: org.hibernate.dialect.MySQL5Dialect
2019-05-09 14:56:45.123 [main] INFO  o.s.o.j.LocalContainerEntityManagerFactoryBean - Initialized JPA EntityManagerFactory for persistence unit 'default'
2019-05-09 14:56:45.673 [main] WARN  o.s.b.a.o.j.JpaBaseConfiguration$JpaWebConfiguration$JpaWebMvcConfiguration - spring.jpa.open-in-view is enabled by default. Therefore, database queries may be performed during view rendering. Explicitly configure spring.jpa.open-in-view to disable this warning
2019-05-09 14:56:45.803 [main] INFO  s.d.s.w.PropertySourcedRequestMappingHandlerMapping - Mapped URL path [/v2/api-docs] onto method [public org.springframework.http.ResponseEntity<springfox.documentation.spring.web.json.Json> springfox.documentation.swagger2.web.Swagger2Controller.getDocumentation(java.lang.String,javax.servlet.http.HttpServletRequest)]
2019-05-09 14:56:45.933 [main] INFO  o.s.s.c.ThreadPoolTaskExecutor - Initializing ExecutorService 'applicationTaskExecutor'
2019-05-09 14:56:46.113 [main] INFO  s.d.s.w.p.DocumentationPluginsBootstrapper - Context refreshed
2019-05-09 14:56:46.133 [main] INFO  s.d.s.w.p.DocumentationPluginsBootstrapper - Found 1 custom documentation plugin(s)
2019-05-09 14:56:46.163 [main] INFO  s.d.s.w.s.ApiListingReferenceScanner - Scanning for api listing references
2019-05-09 14:56:46.303 [main] INFO  s.d.s.w.r.o.CachingOperationNameGenerator - Generating unique operation named: createUsingPOST_1
2019-05-09 14:56:46.303 [main] INFO  s.d.s.w.r.o.CachingOperationNameGenerator - Generating unique operation named: deleteUsingDELETE_1
2019-05-09 14:56:46.303 [main] INFO  s.d.s.w.r.o.CachingOperationNameGenerator - Generating unique operation named: getUsingGET_1
2019-05-09 14:56:46.303 [main] INFO  s.d.s.w.r.o.CachingOperationNameGenerator - Generating unique operation named: updateUsingPUT_1
2019-05-09 14:56:46.323 [main] INFO  o.a.coyote.http11.Http11NioProtocol - Starting ProtocolHandler ["http-nio-8080"]
2019-05-09 14:56:46.356 [main] INFO  o.s.b.w.e.tomcat.TomcatWebServer - Tomcat started on port(s): 8080 (http) with context path ''
2019-05-09 14:56:46.363 [main] INFO  e.a.m.MeetingsapiApplication - Started MeetingsapiApplication in 6.28 seconds (JVM running for 8.949)
2019-05-09 14:56:53.237 [http-nio-8080-exec-1] INFO  o.a.c.c.C.[Tomcat].[localhost].[/] - Initializing Spring DispatcherServlet 'dispatcherServlet'
2019-05-09 14:56:53.238 [http-nio-8080-exec-1] INFO  o.s.web.servlet.DispatcherServlet - Initializing Servlet 'dispatcherServlet'
2019-05-09 14:56:53.247 [http-nio-8080-exec-1] INFO  o.s.web.servlet.DispatcherServlet - Completed initialization in 9 ms
2019-05-09 15:01:08.978 [main] INFO  e.a.m.MeetingsapiApplication - Starting MeetingsapiApplication on laptoparbs695 with PID 15268 (C:\Users\catalina.maghiar\Documents\meetingsManagement\meetingsapi\target\classes started by catalina.maghiar in C:\Users\catalina.maghiar\Documents\meetingsManagement\meetingsapi)
2019-05-09 15:01:08.983 [main] INFO  e.a.m.MeetingsapiApplication - No active profile set, falling back to default profiles: default
2019-05-09 15:01:11.118 [main] INFO  o.s.d.r.c.RepositoryConfigurationDelegate - Bootstrapping Spring Data repositories in DEFAULT mode.
2019-05-09 15:01:11.201 [main] INFO  o.s.d.r.c.RepositoryConfigurationDelegate - Finished Spring Data repository scanning in 71ms. Found 2 repository interfaces.
2019-05-09 15:01:11.629 [main] INFO  o.s.c.s.PostProcessorRegistrationDelegate$BeanPostProcessorChecker - Bean 'org.springframework.transaction.annotation.ProxyTransactionManagementConfiguration' of type [org.springframework.transaction.annotation.ProxyTransactionManagementConfiguration$$EnhancerBySpringCGLIB$$e4b60113] is not eligible for getting processed by all BeanPostProcessors (for example: not eligible for auto-proxying)
2019-05-09 15:01:12.048 [main] INFO  o.s.b.w.e.tomcat.TomcatWebServer - Tomcat initialized with port(s): 8080 (http)
2019-05-09 15:01:12.068 [main] INFO  o.a.coyote.http11.Http11NioProtocol - Initializing ProtocolHandler ["http-nio-8080"]
2019-05-09 15:01:12.083 [main] INFO  o.a.catalina.core.StandardService - Starting service [Tomcat]
2019-05-09 15:01:12.084 [main] INFO  o.a.catalina.core.StandardEngine - Starting Servlet engine: [Apache Tomcat/9.0.17]
2019-05-09 15:01:12.239 [main] INFO  o.a.c.c.C.[Tomcat].[localhost].[/] - Initializing Spring embedded WebApplicationContext
2019-05-09 15:01:12.240 [main] INFO  o.s.web.context.ContextLoader - Root WebApplicationContext: initialization completed in 3166 ms
2019-05-09 15:01:12.413 [main] INFO  com.zaxxer.hikari.HikariDataSource - HikariPool-1 - Starting...
2019-05-09 15:01:12.724 [main] INFO  com.zaxxer.hikari.HikariDataSource - HikariPool-1 - Start completed.
2019-05-09 15:01:12.775 [main] INFO  o.h.jpa.internal.util.LogHelper - HHH000204: Processing PersistenceUnitInfo [
	name: default
	...]
2019-05-09 15:01:12.865 [main] INFO  org.hibernate.Version - HHH000412: Hibernate Core {5.3.9.Final}
2019-05-09 15:01:12.868 [main] INFO  org.hibernate.cfg.Environment - HHH000206: hibernate.properties not found
2019-05-09 15:01:13.042 [main] INFO  o.h.annotations.common.Version - HCANN000001: Hibernate Commons Annotations {5.0.4.Final}
2019-05-09 15:01:13.170 [main] INFO  org.hibernate.dialect.Dialect - HHH000400: Using dialect: org.hibernate.dialect.MySQL5Dialect
2019-05-09 15:01:13.795 [main] INFO  o.s.o.j.LocalContainerEntityManagerFactoryBean - Initialized JPA EntityManagerFactory for persistence unit 'default'
2019-05-09 15:01:14.723 [main] WARN  o.s.b.a.o.j.JpaBaseConfiguration$JpaWebConfiguration$JpaWebMvcConfiguration - spring.jpa.open-in-view is enabled by default. Therefore, database queries may be performed during view rendering. Explicitly configure spring.jpa.open-in-view to disable this warning
2019-05-09 15:01:14.866 [main] INFO  s.d.s.w.PropertySourcedRequestMappingHandlerMapping - Mapped URL path [/v2/api-docs] onto method [public org.springframework.http.ResponseEntity<springfox.documentation.spring.web.json.Json> springfox.documentation.swagger2.web.Swagger2Controller.getDocumentation(java.lang.String,javax.servlet.http.HttpServletRequest)]
2019-05-09 15:01:15.046 [main] INFO  o.s.s.c.ThreadPoolTaskExecutor - Initializing ExecutorService 'applicationTaskExecutor'
2019-05-09 15:01:15.216 [main] INFO  s.d.s.w.p.DocumentationPluginsBootstrapper - Context refreshed
2019-05-09 15:01:15.234 [main] INFO  s.d.s.w.p.DocumentationPluginsBootstrapper - Found 1 custom documentation plugin(s)
2019-05-09 15:01:15.268 [main] INFO  s.d.s.w.s.ApiListingReferenceScanner - Scanning for api listing references
2019-05-09 15:01:15.400 [main] INFO  s.d.s.w.r.o.CachingOperationNameGenerator - Generating unique operation named: createUsingPOST_1
2019-05-09 15:01:15.402 [main] INFO  s.d.s.w.r.o.CachingOperationNameGenerator - Generating unique operation named: deleteUsingDELETE_1
2019-05-09 15:01:15.404 [main] INFO  s.d.s.w.r.o.CachingOperationNameGenerator - Generating unique operation named: getUsingGET_1
2019-05-09 15:01:15.406 [main] INFO  s.d.s.w.r.o.CachingOperationNameGenerator - Generating unique operation named: updateUsingPUT_1
2019-05-09 15:01:15.426 [main] INFO  o.a.coyote.http11.Http11NioProtocol - Starting ProtocolHandler ["http-nio-8080"]
2019-05-09 15:01:15.456 [main] INFO  o.s.b.w.e.tomcat.TomcatWebServer - Tomcat started on port(s): 8080 (http) with context path ''
2019-05-09 15:01:15.460 [main] INFO  e.a.m.MeetingsapiApplication - Started MeetingsapiApplication in 7.171 seconds (JVM running for 9.802)
2019-05-09 15:01:15.645 [http-nio-8080-exec-1] INFO  o.a.c.c.C.[Tomcat].[localhost].[/] - Initializing Spring DispatcherServlet 'dispatcherServlet'
2019-05-09 15:01:15.646 [http-nio-8080-exec-1] INFO  o.s.web.servlet.DispatcherServlet - Initializing Servlet 'dispatcherServlet'
2019-05-09 15:01:15.661 [http-nio-8080-exec-1] INFO  o.s.web.servlet.DispatcherServlet - Completed initialization in 15 ms
